{"C:\\Users\\chava\\Documents\\cautious-adventure\\neon-reels\\src\\composables\\useAudio.ts": {"path":"C:\\Users\\chava\\Documents\\cautious-adventure\\neon-reels\\src\\composables\\useAudio.ts","statementMap":{},"fnMap":{},"branchMap":{},"s":{},"f":{},"b":{},"meta":{"lastBranch":0,"lastFunction":0,"lastStatement":0,"seen":{},"fnNames":{}}}
,"C:\\Users\\chava\\Documents\\cautious-adventure\\neon-reels\\src\\composables\\useGameMachine.ts": {"path":"C:\\Users\\chava\\Documents\\cautious-adventure\\neon-reels\\src\\composables\\useGameMachine.ts","statementMap":{},"fnMap":{},"branchMap":{},"s":{},"f":{},"b":{},"meta":{"lastBranch":0,"lastFunction":0,"lastStatement":0,"seen":{},"fnNames":{}}}
,"C:\\Users\\chava\\Documents\\cautious-adventure\\neon-reels\\src\\composables\\usePixiApp.ts": {"path":"C:\\Users\\chava\\Documents\\cautious-adventure\\neon-reels\\src\\composables\\usePixiApp.ts","statementMap":{},"fnMap":{},"branchMap":{},"s":{},"f":{},"b":{},"meta":{"lastBranch":0,"lastFunction":0,"lastStatement":0,"seen":{},"fnNames":{}}}
,"C:\\Users\\chava\\Documents\\cautious-adventure\\neon-reels\\src\\game\\config\\paylines.ts": {"path":"C:\\Users\\chava\\Documents\\cautious-adventure\\neon-reels\\src\\game\\config\\paylines.ts","statementMap":{"0":{"start":{"line":1,"column":36},"end":{"line":22,"column":null}}},"fnMap":{},"branchMap":{},"s":{"0":3},"f":{},"b":{},"meta":{"lastBranch":0,"lastFunction":0,"lastStatement":1,"seen":{"s:1:36:22:Infinity":0},"fnNames":{}}}
,"C:\\Users\\chava\\Documents\\cautious-adventure\\neon-reels\\src\\game\\config\\reelStrips.ts": {"path":"C:\\Users\\chava\\Documents\\cautious-adventure\\neon-reels\\src\\game\\config\\reelStrips.ts","statementMap":{"0":{"start":{"line":3,"column":41},"end":{"line":29,"column":null}}},"fnMap":{},"branchMap":{},"s":{"0":3},"f":{},"b":{},"meta":{"lastBranch":0,"lastFunction":0,"lastStatement":1,"seen":{"s:3:41:29:Infinity":0},"fnNames":{}}}
,"C:\\Users\\chava\\Documents\\cautious-adventure\\neon-reels\\src\\game\\config\\symbols.ts": {"path":"C:\\Users\\chava\\Documents\\cautious-adventure\\neon-reels\\src\\game\\config\\symbols.ts","statementMap":{"0":{"start":{"line":3,"column":54},"end":{"line":10,"column":null}}},"fnMap":{},"branchMap":{},"s":{"0":3},"f":{},"b":{},"meta":{"lastBranch":0,"lastFunction":0,"lastStatement":1,"seen":{"s:3:54:10:Infinity":0},"fnNames":{}}}
,"C:\\Users\\chava\\Documents\\cautious-adventure\\neon-reels\\src\\game\\engine\\PaylineEvaluator.ts": {"path":"C:\\Users\\chava\\Documents\\cautious-adventure\\neon-reels\\src\\game\\engine\\PaylineEvaluator.ts","statementMap":{"0":{"start":{"line":5,"column":39},"end":{"line":5,"column":null}},"1":{"start":{"line":9,"column":37},"end":{"line":9,"column":null}},"2":{"start":{"line":11,"column":4},"end":{"line":50,"column":null}},"3":{"start":{"line":11,"column":25},"end":{"line":11,"column":28}},"4":{"start":{"line":12,"column":25},"end":{"line":12,"column":null}},"5":{"start":{"line":13,"column":37},"end":{"line":15,"column":null}},"6":{"start":{"line":14,"column":8},"end":{"line":14,"column":null}},"7":{"start":{"line":17,"column":30},"end":{"line":17,"column":null}},"8":{"start":{"line":19,"column":6},"end":{"line":19,"column":null}},"9":{"start":{"line":19,"column":40},"end":{"line":19,"column":null}},"10":{"start":{"line":21,"column":26},"end":{"line":21,"column":null}},"11":{"start":{"line":22,"column":23},"end":{"line":22,"column":null}},"12":{"start":{"line":24,"column":6},"end":{"line":30,"column":null}},"13":{"start":{"line":24,"column":19},"end":{"line":24,"column":22}},"14":{"start":{"line":25,"column":8},"end":{"line":29,"column":null}},"15":{"start":{"line":26,"column":10},"end":{"line":26,"column":null}},"16":{"start":{"line":28,"column":10},"end":{"line":28,"column":null}},"17":{"start":{"line":32,"column":24},"end":{"line":32,"column":null}},"18":{"start":{"line":32,"column":53},"end":{"line":32,"column":73}},"19":{"start":{"line":33,"column":6},"end":{"line":33,"column":null}},"20":{"start":{"line":33,"column":22},"end":{"line":33,"column":null}},"21":{"start":{"line":35,"column":25},"end":{"line":35,"column":null}},"22":{"start":{"line":36,"column":6},"end":{"line":36,"column":null}},"23":{"start":{"line":36,"column":36},"end":{"line":36,"column":null}},"24":{"start":{"line":38,"column":49},"end":{"line":38,"column":null}},"25":{"start":{"line":39,"column":6},"end":{"line":41,"column":null}},"26":{"start":{"line":39,"column":19},"end":{"line":39,"column":22}},"27":{"start":{"line":40,"column":8},"end":{"line":40,"column":null}},"28":{"start":{"line":43,"column":6},"end":{"line":49,"column":null}},"29":{"start":{"line":52,"column":4},"end":{"line":52,"column":null}},"30":{"start":{"line":56,"column":25},"end":{"line":58,"column":null}},"31":{"start":{"line":57,"column":11},"end":{"line":57,"column":null}},"32":{"start":{"line":60,"column":4},"end":{"line":60,"column":null}},"33":{"start":{"line":60,"column":23},"end":{"line":60,"column":null}},"34":{"start":{"line":62,"column":4},"end":{"line":66,"column":null}},"35":{"start":{"line":63,"column":6},"end":{"line":63,"column":null}},"36":{"start":{"line":63,"column":24},"end":{"line":63,"column":null}},"37":{"start":{"line":64,"column":6},"end":{"line":64,"column":null}},"38":{"start":{"line":64,"column":34},"end":{"line":64,"column":null}},"39":{"start":{"line":65,"column":6},"end":{"line":65,"column":null}}},"fnMap":{"0":{"name":"evaluate","decl":{"start":{"line":8,"column":2},"end":{"line":8,"column":11}},"loc":{"start":{"line":8,"column":65},"end":{"line":53,"column":null}},"line":8},"1":{"name":"(anonymous_1)","decl":{"start":{"line":13,"column":48},"end":{"line":13,"column":53}},"loc":{"start":{"line":14,"column":8},"end":{"line":14,"column":null}},"line":14},"2":{"name":"(anonymous_2)","decl":{"start":{"line":32,"column":43},"end":{"line":32,"column":48}},"loc":{"start":{"line":32,"column":53},"end":{"line":32,"column":73}},"line":32},"3":{"name":"resolveWilds","decl":{"start":{"line":55,"column":2},"end":{"line":55,"column":10}},"loc":{"start":{"line":55,"column":56},"end":{"line":67,"column":null}},"line":55},"4":{"name":"(anonymous_4)","decl":{"start":{"line":56,"column":33},"end":{"line":56,"column":null}},"loc":{"start":{"line":57,"column":11},"end":{"line":57,"column":null}},"line":57},"5":{"name":"(anonymous_5)","decl":{"start":{"line":62,"column":19},"end":{"line":62,"column":23}},"loc":{"start":{"line":62,"column":28},"end":{"line":66,"column":5}},"line":62}},"branchMap":{"0":{"loc":{"start":{"line":19,"column":6},"end":{"line":19,"column":null}},"type":"if","locations":[{"start":{"line":19,"column":6},"end":{"line":19,"column":null}},{"start":{},"end":{}}],"line":19},"1":{"loc":{"start":{"line":25,"column":8},"end":{"line":29,"column":null}},"type":"if","locations":[{"start":{"line":25,"column":8},"end":{"line":29,"column":null}},{"start":{"line":27,"column":15},"end":{"line":29,"column":null}}],"line":25},"2":{"loc":{"start":{"line":33,"column":6},"end":{"line":33,"column":null}},"type":"if","locations":[{"start":{"line":33,"column":6},"end":{"line":33,"column":null}},{"start":{},"end":{}}],"line":33},"3":{"loc":{"start":{"line":36,"column":6},"end":{"line":36,"column":null}},"type":"if","locations":[{"start":{"line":36,"column":6},"end":{"line":36,"column":null}},{"start":{},"end":{}}],"line":36},"4":{"loc":{"start":{"line":57,"column":11},"end":{"line":57,"column":null}},"type":"binary-expr","locations":[{"start":{"line":57,"column":11},"end":{"line":57,"column":27}},{"start":{"line":57,"column":27},"end":{"line":57,"column":null}}],"line":57},"5":{"loc":{"start":{"line":60,"column":4},"end":{"line":60,"column":null}},"type":"if","locations":[{"start":{"line":60,"column":4},"end":{"line":60,"column":null}},{"start":{},"end":{}}],"line":60},"6":{"loc":{"start":{"line":63,"column":6},"end":{"line":63,"column":null}},"type":"if","locations":[{"start":{"line":63,"column":6},"end":{"line":63,"column":null}},{"start":{},"end":{}}],"line":63},"7":{"loc":{"start":{"line":64,"column":6},"end":{"line":64,"column":null}},"type":"if","locations":[{"start":{"line":64,"column":6},"end":{"line":64,"column":null}},{"start":{},"end":{}}],"line":64}},"s":{"0":2,"1":19,"2":19,"3":19,"4":380,"5":380,"6":1900,"7":380,"8":380,"9":1,"10":379,"11":379,"12":379,"13":379,"14":655,"15":316,"16":339,"17":379,"18":1723,"19":379,"20":0,"21":379,"22":379,"23":276,"24":103,"25":103,"26":103,"27":358,"28":103,"29":380,"30":380,"31":460,"32":380,"33":1,"34":379,"35":1895,"36":118,"37":1777,"38":165,"39":1612},"f":{"0":19,"1":1900,"2":1723,"3":380,"4":460,"5":1895},"b":{"0":[1,379],"1":[316,339],"2":[0,379],"3":[276,103],"4":[460,419],"5":[1,379],"6":[118,1777],"7":[165,1612]},"meta":{"lastBranch":8,"lastFunction":6,"lastStatement":40,"seen":{"s:5:39:5:Infinity":0,"f:8:2:8:11":0,"s:9:37:9:Infinity":1,"s:11:4:50:Infinity":2,"s:11:25:11:28":3,"s:12:25:12:Infinity":4,"s:13:37:15:Infinity":5,"f:13:48:13:53":1,"s:14:8:14:Infinity":6,"s:17:30:17:Infinity":7,"b:19:6:19:Infinity:undefined:undefined:undefined:undefined":0,"s:19:6:19:Infinity":8,"s:19:40:19:Infinity":9,"s:21:26:21:Infinity":10,"s:22:23:22:Infinity":11,"s:24:6:30:Infinity":12,"s:24:19:24:22":13,"b:25:8:29:Infinity:27:15:29:Infinity":1,"s:25:8:29:Infinity":14,"s:26:10:26:Infinity":15,"s:28:10:28:Infinity":16,"s:32:24:32:Infinity":17,"f:32:43:32:48":2,"s:32:53:32:73":18,"b:33:6:33:Infinity:undefined:undefined:undefined:undefined":2,"s:33:6:33:Infinity":19,"s:33:22:33:Infinity":20,"s:35:25:35:Infinity":21,"b:36:6:36:Infinity:undefined:undefined:undefined:undefined":3,"s:36:6:36:Infinity":22,"s:36:36:36:Infinity":23,"s:38:49:38:Infinity":24,"s:39:6:41:Infinity":25,"s:39:19:39:22":26,"s:40:8:40:Infinity":27,"s:43:6:49:Infinity":28,"s:52:4:52:Infinity":29,"f:55:2:55:10":3,"s:56:25:58:Infinity":30,"f:56:33:56:Infinity":4,"s:57:11:57:Infinity":31,"b:57:11:57:27:57:27:57:Infinity":4,"b:60:4:60:Infinity:undefined:undefined:undefined:undefined":5,"s:60:4:60:Infinity":32,"s:60:23:60:Infinity":33,"s:62:4:66:Infinity":34,"f:62:19:62:23":5,"b:63:6:63:Infinity:undefined:undefined:undefined:undefined":6,"s:63:6:63:Infinity":35,"s:63:24:63:Infinity":36,"b:64:6:64:Infinity:undefined:undefined:undefined:undefined":7,"s:64:6:64:Infinity":37,"s:64:34:64:Infinity":38,"s:65:6:65:Infinity":39},"fnNames":{}}}
,"C:\\Users\\chava\\Documents\\cautious-adventure\\neon-reels\\src\\game\\engine\\RNGEngine.ts": {"path":"C:\\Users\\chava\\Documents\\cautious-adventure\\neon-reels\\src\\game\\engine\\RNGEngine.ts","statementMap":{"0":{"start":{"line":5,"column":4},"end":{"line":5,"column":null}},"1":{"start":{"line":5,"column":36},"end":{"line":5,"column":76}}},"fnMap":{"0":{"name":"generateStopPositions","decl":{"start":{"line":4,"column":2},"end":{"line":4,"column":36}},"loc":{"start":{"line":4,"column":36},"end":{"line":6,"column":null}},"line":4},"1":{"name":"(anonymous_1)","decl":{"start":{"line":5,"column":23},"end":{"line":5,"column":27}},"loc":{"start":{"line":5,"column":36},"end":{"line":5,"column":76}},"line":5}},"branchMap":{},"s":{"0":1010,"1":5050},"f":{"0":1010,"1":5050},"b":{},"meta":{"lastBranch":0,"lastFunction":2,"lastStatement":2,"seen":{"f:4:2:4:36":0,"s:5:4:5:Infinity":0,"f:5:23:5:27":1,"s:5:36:5:76":1},"fnNames":{}}}
,"C:\\Users\\chava\\Documents\\cautious-adventure\\neon-reels\\src\\game\\services\\ClientSpinService.ts": {"path":"C:\\Users\\chava\\Documents\\cautious-adventure\\neon-reels\\src\\game\\services\\ClientSpinService.ts","statementMap":{"0":{"start":{"line":7,"column":21},"end":{"line":7,"column":null}},"1":{"start":{"line":8,"column":21},"end":{"line":8,"column":null}},"2":{"start":{"line":10,"column":49},"end":{"line":14,"column":null}},"3":{"start":{"line":16,"column":52},"end":{"line":20,"column":null}},"4":{"start":{"line":27,"column":4},"end":{"line":27,"column":null}},"5":{"start":{"line":28,"column":4},"end":{"line":28,"column":null}},"6":{"start":{"line":32,"column":26},"end":{"line":32,"column":null}},"7":{"start":{"line":34,"column":38},"end":{"line":42,"column":null}},"8":{"start":{"line":35,"column":20},"end":{"line":35,"column":null}},"9":{"start":{"line":36,"column":54},"end":{"line":40,"column":null}},"10":{"start":{"line":41,"column":6},"end":{"line":41,"column":null}},"11":{"start":{"line":44,"column":39},"end":{"line":44,"column":null}},"12":{"start":{"line":46,"column":21},"end":{"line":46,"column":null}},"13":{"start":{"line":48,"column":54},"end":{"line":48,"column":null}},"14":{"start":{"line":49,"column":4},"end":{"line":55,"column":null}},"15":{"start":{"line":49,"column":17},"end":{"line":49,"column":20}},"16":{"start":{"line":50,"column":6},"end":{"line":54,"column":null}},"17":{"start":{"line":50,"column":21},"end":{"line":50,"column":24}},"18":{"start":{"line":51,"column":8},"end":{"line":53,"column":null}},"19":{"start":{"line":52,"column":10},"end":{"line":52,"column":null}},"20":{"start":{"line":57,"column":25},"end":{"line":57,"column":null}},"21":{"start":{"line":58,"column":29},"end":{"line":58,"column":null}},"22":{"start":{"line":60,"column":10},"end":{"line":60,"column":null}},"23":{"start":{"line":61,"column":25},"end":{"line":61,"column":null}},"24":{"start":{"line":61,"column":53},"end":{"line":61,"column":69}},"25":{"start":{"line":62,"column":21},"end":{"line":62,"column":null}},"26":{"start":{"line":64,"column":4},"end":{"line":71,"column":null}}},"fnMap":{"0":{"name":"constructor","decl":{"start":{"line":26,"column":2},"end":{"line":26,"column":16}},"loc":{"start":{"line":26,"column":16},"end":{"line":29,"column":null}},"line":26},"1":{"name":"requestSpin","decl":{"start":{"line":31,"column":8},"end":{"line":31,"column":20}},"loc":{"start":{"line":31,"column":57},"end":{"line":72,"column":null}},"line":31},"2":{"name":"(anonymous_2)","decl":{"start":{"line":34,"column":52},"end":{"line":34,"column":57}},"loc":{"start":{"line":34,"column":76},"end":{"line":42,"column":5}},"line":34},"3":{"name":"(anonymous_3)","decl":{"start":{"line":61,"column":34},"end":{"line":61,"column":42}},"loc":{"start":{"line":61,"column":53},"end":{"line":61,"column":69}},"line":61}},"branchMap":{"0":{"loc":{"start":{"line":51,"column":8},"end":{"line":53,"column":null}},"type":"if","locations":[{"start":{"line":51,"column":8},"end":{"line":53,"column":null}},{"start":{},"end":{}}],"line":51},"1":{"loc":{"start":{"line":58,"column":29},"end":{"line":58,"column":null}},"type":"binary-expr","locations":[{"start":{"line":58,"column":29},"end":{"line":58,"column":63}},{"start":{"line":58,"column":63},"end":{"line":58,"column":null}}],"line":58},"2":{"loc":{"start":{"line":60,"column":26},"end":{"line":60,"column":68}},"type":"binary-expr","locations":[{"start":{"line":60,"column":26},"end":{"line":60,"column":63}},{"start":{"line":60,"column":63},"end":{"line":60,"column":68}}],"line":60}},"s":{"0":1,"1":1,"2":1,"3":1,"4":1,"5":1,"6":8,"7":8,"8":40,"9":40,"10":40,"11":8,"12":8,"13":8,"14":8,"15":8,"16":40,"17":40,"18":120,"19":8,"20":8,"21":8,"22":8,"23":8,"24":29,"25":8,"26":8},"f":{"0":1,"1":8,"2":40,"3":29},"b":{"0":[8,112],"1":[8,8],"2":[8,8]},"meta":{"lastBranch":3,"lastFunction":4,"lastStatement":27,"seen":{"s:7:21:7:Infinity":0,"s:8:21:8:Infinity":1,"s:10:49:14:Infinity":2,"s:16:52:20:Infinity":3,"f:26:2:26:16":0,"s:27:4:27:Infinity":4,"s:28:4:28:Infinity":5,"f:31:8:31:20":1,"s:32:26:32:Infinity":6,"s:34:38:42:Infinity":7,"f:34:52:34:57":2,"s:35:20:35:Infinity":8,"s:36:54:40:Infinity":9,"s:41:6:41:Infinity":10,"s:44:39:44:Infinity":11,"s:46:21:46:Infinity":12,"s:48:54:48:Infinity":13,"s:49:4:55:Infinity":14,"s:49:17:49:20":15,"s:50:6:54:Infinity":16,"s:50:21:50:24":17,"b:51:8:53:Infinity:undefined:undefined:undefined:undefined":0,"s:51:8:53:Infinity":18,"s:52:10:52:Infinity":19,"s:57:25:57:Infinity":20,"s:58:29:58:Infinity":21,"b:58:29:58:63:58:63:58:Infinity":1,"s:60:10:60:Infinity":22,"b:60:26:60:63:60:63:60:68":2,"s:61:25:61:Infinity":23,"f:61:34:61:42":3,"s:61:53:61:69":24,"s:62:21:62:Infinity":25,"s:64:4:71:Infinity":26},"fnNames":{}}}
,"C:\\Users\\chava\\Documents\\cautious-adventure\\neon-reels\\src\\game\\services\\HistoryService.ts": {"path":"C:\\Users\\chava\\Documents\\cautious-adventure\\neon-reels\\src\\game\\services\\HistoryService.ts","statementMap":{},"fnMap":{},"branchMap":{},"s":{},"f":{},"b":{},"meta":{"lastBranch":0,"lastFunction":0,"lastStatement":0,"seen":{},"fnNames":{}}}
,"C:\\Users\\chava\\Documents\\cautious-adventure\\neon-reels\\src\\game\\services\\SpinService.ts": {"path":"C:\\Users\\chava\\Documents\\cautious-adventure\\neon-reels\\src\\game\\services\\SpinService.ts","statementMap":{},"fnMap":{},"branchMap":{},"s":{},"f":{},"b":{},"meta":{"lastBranch":0,"lastFunction":0,"lastStatement":0,"seen":{},"fnNames":{}}}
,"C:\\Users\\chava\\Documents\\cautious-adventure\\neon-reels\\src\\stores\\useGameStore.ts": {"path":"C:\\Users\\chava\\Documents\\cautious-adventure\\neon-reels\\src\\stores\\useGameStore.ts","statementMap":{"0":{"start":{"line":5,"column":13},"end":{"line":49,"column":null}},"1":{"start":{"line":6,"column":8},"end":{"line":6,"column":null}},"2":{"start":{"line":7,"column":8},"end":{"line":7,"column":null}},"3":{"start":{"line":8,"column":8},"end":{"line":8,"column":null}},"4":{"start":{"line":9,"column":8},"end":{"line":9,"column":null}},"5":{"start":{"line":10,"column":8},"end":{"line":10,"column":null}},"6":{"start":{"line":11,"column":8},"end":{"line":11,"column":null}},"7":{"start":{"line":12,"column":8},"end":{"line":12,"column":null}},"8":{"start":{"line":14,"column":8},"end":{"line":16,"column":null}},"9":{"start":{"line":15,"column":4},"end":{"line":15,"column":null}},"10":{"start":{"line":19,"column":4},"end":{"line":19,"column":null}},"11":{"start":{"line":23,"column":4},"end":{"line":23,"column":null}},"12":{"start":{"line":27,"column":4},"end":{"line":27,"column":null}},"13":{"start":{"line":31,"column":4},"end":{"line":31,"column":null}},"14":{"start":{"line":35,"column":4},"end":{"line":35,"column":null}},"15":{"start":{"line":36,"column":4},"end":{"line":36,"column":null}},"16":{"start":{"line":40,"column":4},"end":{"line":40,"column":null}},"17":{"start":{"line":43,"column":2},"end":{"line":48,"column":null}}},"fnMap":{"0":{"name":"(anonymous_0)","decl":{"start":{"line":5,"column":40},"end":{"line":5,"column":54}},"loc":{"start":{"line":5,"column":54},"end":{"line":49,"column":1}},"line":5},"1":{"name":"(anonymous_1)","decl":{"start":{"line":14,"column":18},"end":{"line":14,"column":null}},"loc":{"start":{"line":15,"column":4},"end":{"line":15,"column":null}},"line":15},"2":{"name":"setPhase","decl":{"start":{"line":18,"column":11},"end":{"line":18,"column":20}},"loc":{"start":{"line":18,"column":47},"end":{"line":20,"column":null}},"line":18},"3":{"name":"updateBalance","decl":{"start":{"line":22,"column":11},"end":{"line":22,"column":25}},"loc":{"start":{"line":22,"column":46},"end":{"line":24,"column":null}},"line":22},"4":{"name":"setBetCoin","decl":{"start":{"line":26,"column":11},"end":{"line":26,"column":22}},"loc":{"start":{"line":26,"column":51},"end":{"line":28,"column":null}},"line":26},"5":{"name":"setResult","decl":{"start":{"line":30,"column":11},"end":{"line":30,"column":21}},"loc":{"start":{"line":30,"column":47},"end":{"line":32,"column":null}},"line":30},"6":{"name":"setError","decl":{"start":{"line":34,"column":11},"end":{"line":34,"column":20}},"loc":{"start":{"line":34,"column":39},"end":{"line":37,"column":null}},"line":34},"7":{"name":"resetError","decl":{"start":{"line":39,"column":11},"end":{"line":39,"column":30}},"loc":{"start":{"line":39,"column":30},"end":{"line":41,"column":null}},"line":39}},"branchMap":{"0":{"loc":{"start":{"line":15,"column":4},"end":{"line":15,"column":null}},"type":"binary-expr","locations":[{"start":{"line":15,"column":4},"end":{"line":15,"column":30}},{"start":{"line":15,"column":30},"end":{"line":15,"column":null}}],"line":15}},"s":{"0":1,"1":14,"2":14,"3":14,"4":14,"5":14,"6":14,"7":14,"8":14,"9":3,"10":2,"11":4,"12":1,"13":1,"14":2,"15":2,"16":1,"17":14},"f":{"0":14,"1":3,"2":2,"3":4,"4":1,"5":1,"6":2,"7":1},"b":{"0":[3,2]},"meta":{"lastBranch":1,"lastFunction":8,"lastStatement":18,"seen":{"s:5:13:49:Infinity":0,"f:5:40:5:54":0,"s:6:8:6:Infinity":1,"s:7:8:7:Infinity":2,"s:8:8:8:Infinity":3,"s:9:8:9:Infinity":4,"s:10:8:10:Infinity":5,"s:11:8:11:Infinity":6,"s:12:8:12:Infinity":7,"s:14:8:16:Infinity":8,"f:14:18:14:Infinity":1,"s:15:4:15:Infinity":9,"b:15:4:15:30:15:30:15:Infinity":0,"f:18:11:18:20":2,"s:19:4:19:Infinity":10,"f:22:11:22:25":3,"s:23:4:23:Infinity":11,"f:26:11:26:22":4,"s:27:4:27:Infinity":12,"f:30:11:30:21":5,"s:31:4:31:Infinity":13,"f:34:11:34:20":6,"s:35:4:35:Infinity":14,"s:36:4:36:Infinity":15,"f:39:11:39:30":7,"s:40:4:40:Infinity":16,"s:43:2:48:Infinity":17},"fnNames":{}}}
,"C:\\Users\\chava\\Documents\\cautious-adventure\\neon-reels\\src\\stores\\useHistoryStore.ts": {"path":"C:\\Users\\chava\\Documents\\cautious-adventure\\neon-reels\\src\\stores\\useHistoryStore.ts","statementMap":{"0":{"start":{"line":5,"column":13},"end":{"line":11,"column":null}},"1":{"start":{"line":6,"column":8},"end":{"line":6,"column":null}},"2":{"start":{"line":7,"column":8},"end":{"line":7,"column":null}},"3":{"start":{"line":8,"column":8},"end":{"line":8,"column":null}},"4":{"start":{"line":10,"column":2},"end":{"line":10,"column":null}}},"fnMap":{"0":{"name":"(anonymous_0)","decl":{"start":{"line":5,"column":43},"end":{"line":5,"column":60}},"loc":{"start":{"line":5,"column":60},"end":{"line":11,"column":1}},"line":5}},"branchMap":{},"s":{"0":1,"1":3,"2":3,"3":3,"4":3},"f":{"0":3},"b":{},"meta":{"lastBranch":0,"lastFunction":1,"lastStatement":5,"seen":{"s:5:13:11:Infinity":0,"f:5:43:5:60":0,"s:6:8:6:Infinity":1,"s:7:8:7:Infinity":2,"s:8:8:8:Infinity":3,"s:10:2:10:Infinity":4},"fnNames":{}}}
}
